{"C:\\Users\\DEV-Law\\projects\\personal-projects\\graphql-jobs\\fixtures\\logic\\companies\\mocks.js": {"path":"C:\\Users\\DEV-Law\\projects\\personal-projects\\graphql-jobs\\fixtures\\logic\\companies\\mocks.js","statementMap":{"0":{"start":{"line":4,"column":34},"end":{"line":9,"column":1}},"1":{"start":{"line":11,"column":39},"end":{"line":16,"column":1}}},"fnMap":{},"branchMap":{},"s":{"0":1,"1":1},"f":{},"b":{},"_coverageSchema":"1a1c01bbd47fc00a2c39e90264f33305004495a9","hash":"8f9e50b7808ba89e766630277ae5c67e4c2049f3"}
,"C:\\Users\\DEV-Law\\projects\\personal-projects\\graphql-jobs\\fixtures\\logic\\data\\responses.js": {"path":"C:\\Users\\DEV-Law\\projects\\personal-projects\\graphql-jobs\\fixtures\\logic\\data\\responses.js","statementMap":{"0":{"start":{"line":1,"column":34},"end":{"line":24,"column":1}},"1":{"start":{"line":26,"column":31},"end":{"line":143,"column":1}}},"fnMap":{},"branchMap":{},"s":{"0":2,"1":2},"f":{},"b":{},"_coverageSchema":"1a1c01bbd47fc00a2c39e90264f33305004495a9","hash":"7896a8a0db134e7595f983e061e082c666339249"}
,"C:\\Users\\DEV-Law\\projects\\personal-projects\\graphql-jobs\\fixtures\\logic\\jobs\\mocks.js": {"path":"C:\\Users\\DEV-Law\\projects\\personal-projects\\graphql-jobs\\fixtures\\logic\\jobs\\mocks.js","statementMap":{"0":{"start":{"line":4,"column":29},"end":{"line":9,"column":1}},"1":{"start":{"line":11,"column":34},"end":{"line":16,"column":1}}},"fnMap":{},"branchMap":{},"s":{"0":1,"1":1},"f":{},"b":{},"_coverageSchema":"1a1c01bbd47fc00a2c39e90264f33305004495a9","hash":"a59eb3d9a8135b5d8e73f5c2f86cd707841d22e3"}
,"C:\\Users\\DEV-Law\\projects\\personal-projects\\graphql-jobs\\src\\hooks\\useLottie.js": {"path":"C:\\Users\\DEV-Law\\projects\\personal-projects\\graphql-jobs\\src\\hooks\\useLottie.js","statementMap":{"0":{"start":{"line":4,"column":14},"end":{"line":4,"column":26}},"1":{"start":{"line":6,"column":2},"end":{"line":8,"column":12}},"2":{"start":{"line":7,"column":4},"end":{"line":7,"column":25}},"3":{"start":{"line":10,"column":2},"end":{"line":10,"column":17}}},"fnMap":{"0":{"name":"useLottie","decl":{"start":{"line":3,"column":24},"end":{"line":3,"column":33}},"loc":{"start":{"line":3,"column":36},"end":{"line":11,"column":1}},"line":3},"1":{"name":"(anonymous_1)","decl":{"start":{"line":6,"column":12},"end":{"line":6,"column":13}},"loc":{"start":{"line":6,"column":18},"end":{"line":8,"column":3}},"line":6}},"branchMap":{},"s":{"0":2,"1":2,"2":2,"3":2},"f":{"0":2,"1":2},"b":{},"_coverageSchema":"1a1c01bbd47fc00a2c39e90264f33305004495a9","hash":"c18bf009e08168262ca59fe6849e032aa3eea870"}
,"C:\\Users\\DEV-Law\\projects\\personal-projects\\graphql-jobs\\src\\logic\\companies\\gql.js": {"path":"C:\\Users\\DEV-Law\\projects\\personal-projects\\graphql-jobs\\src\\logic\\companies\\gql.js","statementMap":{"0":{"start":{"line":3,"column":34},"end":{"line":12,"column":1}}},"fnMap":{},"branchMap":{},"s":{"0":1},"f":{},"b":{},"_coverageSchema":"1a1c01bbd47fc00a2c39e90264f33305004495a9","hash":"5bc90c072be68ce9bbb6fedc3d957073c341865f"}
,"C:\\Users\\DEV-Law\\projects\\personal-projects\\graphql-jobs\\src\\logic\\companies\\index.js": {"path":"C:\\Users\\DEV-Law\\projects\\personal-projects\\graphql-jobs\\src\\logic\\companies\\index.js","statementMap":{"0":{"start":{"line":9,"column":35},"end":{"line":11,"column":4}},"1":{"start":{"line":13,"column":20},"end":{"line":17,"column":12}},"2":{"start":{"line":14,"column":4},"end":{"line":16,"column":5}},"3":{"start":{"line":15,"column":6},"end":{"line":15,"column":48}},"4":{"start":{"line":19,"column":2},"end":{"line":19,"column":39}}},"fnMap":{"0":{"name":"usePopularCompanies","decl":{"start":{"line":8,"column":16},"end":{"line":8,"column":35}},"loc":{"start":{"line":8,"column":38},"end":{"line":20,"column":1}},"line":8},"1":{"name":"(anonymous_1)","decl":{"start":{"line":13,"column":28},"end":{"line":13,"column":29}},"loc":{"start":{"line":13,"column":34},"end":{"line":17,"column":3}},"line":13}},"branchMap":{"0":{"loc":{"start":{"line":14,"column":4},"end":{"line":16,"column":5}},"type":"if","locations":[{"start":{"line":14,"column":4},"end":{"line":16,"column":5}},{"start":{"line":14,"column":4},"end":{"line":16,"column":5}}],"line":14},"1":{"loc":{"start":{"line":15,"column":13},"end":{"line":15,"column":47}},"type":"binary-expr","locations":[{"start":{"line":15,"column":13},"end":{"line":15,"column":41}},{"start":{"line":15,"column":45},"end":{"line":15,"column":47}}],"line":15}},"s":{"0":4,"1":4,"2":3,"3":1,"4":4},"f":{"0":4,"1":3},"b":{"0":[1,2],"1":[1,0]},"_coverageSchema":"1a1c01bbd47fc00a2c39e90264f33305004495a9","hash":"1795c9103f3a99f67f6004e8d4443c3d2a556ede"}
,"C:\\Users\\DEV-Law\\projects\\personal-projects\\graphql-jobs\\src\\logic\\jobs\\gql.js": {"path":"C:\\Users\\DEV-Law\\projects\\personal-projects\\graphql-jobs\\src\\logic\\jobs\\gql.js","statementMap":{"0":{"start":{"line":3,"column":19},"end":{"line":22,"column":1}},"1":{"start":{"line":24,"column":26},"end":{"line":31,"column":1}},"2":{"start":{"line":33,"column":26},"end":{"line":42,"column":1}},"3":{"start":{"line":44,"column":37},"end":{"line":52,"column":1}}},"fnMap":{},"branchMap":{},"s":{"0":1,"1":1,"2":1,"3":1},"f":{},"b":{},"_coverageSchema":"1a1c01bbd47fc00a2c39e90264f33305004495a9","hash":"92392abb1410c661c4d3f82528ab4feee627ed5e"}
,"C:\\Users\\DEV-Law\\projects\\personal-projects\\graphql-jobs\\src\\logic\\jobs\\index.js": {"path":"C:\\Users\\DEV-Law\\projects\\personal-projects\\graphql-jobs\\src\\logic\\jobs\\index.js","statementMap":{"0":{"start":{"line":8,"column":35},"end":{"line":8,"column":55}},"1":{"start":{"line":10,"column":15},"end":{"line":16,"column":12}},"2":{"start":{"line":11,"column":4},"end":{"line":15,"column":5}},"3":{"start":{"line":12,"column":6},"end":{"line":14,"column":8}},"4":{"start":{"line":13,"column":34},"end":{"line":13,"column":57}},"5":{"start":{"line":18,"column":2},"end":{"line":18,"column":34}},"6":{"start":{"line":22,"column":26},"end":{"line":22,"column":38}},"7":{"start":{"line":23,"column":36},"end":{"line":23,"column":51}},"8":{"start":{"line":24,"column":38},"end":{"line":24,"column":50}},"9":{"start":{"line":25,"column":48},"end":{"line":25,"column":72}},"10":{"start":{"line":27,"column":17},"end":{"line":42,"column":29}},"11":{"start":{"line":28,"column":4},"end":{"line":28,"column":23}},"12":{"start":{"line":30,"column":4},"end":{"line":41,"column":7}},"13":{"start":{"line":44,"column":2},"end":{"line":51,"column":27}},"14":{"start":{"line":45,"column":4},"end":{"line":48,"column":5}},"15":{"start":{"line":46,"column":6},"end":{"line":46,"column":18}},"16":{"start":{"line":47,"column":6},"end":{"line":47,"column":13}},"17":{"start":{"line":50,"column":4},"end":{"line":50,"column":13}},"18":{"start":{"line":53,"column":2},"end":{"line":63,"column":13}},"19":{"start":{"line":54,"column":25},"end":{"line":54,"column":57}},"20":{"start":{"line":55,"column":25},"end":{"line":55,"column":57}},"21":{"start":{"line":56,"column":20},"end":{"line":56,"column":54}},"22":{"start":{"line":58,"column":4},"end":{"line":60,"column":5}},"23":{"start":{"line":59,"column":6},"end":{"line":59,"column":23}},"24":{"start":{"line":62,"column":4},"end":{"line":62,"column":24}},"25":{"start":{"line":65,"column":2},"end":{"line":74,"column":4}},"26":{"start":{"line":78,"column":35},"end":{"line":85,"column":4}},"27":{"start":{"line":87,"column":2},"end":{"line":93,"column":4}},"28":{"start":{"line":97,"column":28},"end":{"line":97,"column":42}},"29":{"start":{"line":99,"column":16},"end":{"line":107,"column":3}},"30":{"start":{"line":100,"column":4},"end":{"line":106,"column":7}},"31":{"start":{"line":101,"column":6},"end":{"line":105,"column":7}},"32":{"start":{"line":102,"column":8},"end":{"line":102,"column":29}},"33":{"start":{"line":104,"column":8},"end":{"line":104,"column":50}},"34":{"start":{"line":109,"column":2},"end":{"line":109,"column":28}},"35":{"start":{"line":113,"column":28},"end":{"line":113,"column":42}},"36":{"start":{"line":115,"column":15},"end":{"line":122,"column":3}},"37":{"start":{"line":116,"column":4},"end":{"line":116,"column":19}},"38":{"start":{"line":118,"column":4},"end":{"line":121,"column":5}},"39":{"start":{"line":120,"column":6},"end":{"line":120,"column":60}},"40":{"start":{"line":124,"column":2},"end":{"line":124,"column":27}}},"fnMap":{"0":{"name":"useLatestJobs","decl":{"start":{"line":7,"column":16},"end":{"line":7,"column":29}},"loc":{"start":{"line":7,"column":32},"end":{"line":19,"column":1}},"line":7},"1":{"name":"(anonymous_1)","decl":{"start":{"line":10,"column":23},"end":{"line":10,"column":24}},"loc":{"start":{"line":10,"column":29},"end":{"line":16,"column":3}},"line":10},"2":{"name":"(anonymous_2)","decl":{"start":{"line":13,"column":27},"end":{"line":13,"column":28}},"loc":{"start":{"line":13,"column":34},"end":{"line":13,"column":57}},"line":13},"3":{"name":"useJobsSearch","decl":{"start":{"line":21,"column":16},"end":{"line":21,"column":29}},"loc":{"start":{"line":21,"column":32},"end":{"line":75,"column":1}},"line":21},"4":{"name":"(anonymous_4)","decl":{"start":{"line":27,"column":29},"end":{"line":27,"column":30}},"loc":{"start":{"line":27,"column":35},"end":{"line":42,"column":3}},"line":27},"5":{"name":"(anonymous_5)","decl":{"start":{"line":44,"column":12},"end":{"line":44,"column":13}},"loc":{"start":{"line":44,"column":18},"end":{"line":51,"column":3}},"line":44},"6":{"name":"(anonymous_6)","decl":{"start":{"line":53,"column":12},"end":{"line":53,"column":13}},"loc":{"start":{"line":53,"column":18},"end":{"line":63,"column":3}},"line":53},"7":{"name":"useJobDetail","decl":{"start":{"line":77,"column":16},"end":{"line":77,"column":28}},"loc":{"start":{"line":77,"column":55},"end":{"line":94,"column":1}},"line":77},"8":{"name":"useApplyToJob","decl":{"start":{"line":96,"column":16},"end":{"line":96,"column":29}},"loc":{"start":{"line":96,"column":35},"end":{"line":110,"column":1}},"line":96},"9":{"name":"(anonymous_9)","decl":{"start":{"line":99,"column":16},"end":{"line":99,"column":17}},"loc":{"start":{"line":99,"column":22},"end":{"line":107,"column":3}},"line":99},"10":{"name":"(anonymous_10)","decl":{"start":{"line":100,"column":33},"end":{"line":100,"column":34}},"loc":{"start":{"line":100,"column":46},"end":{"line":106,"column":5}},"line":100},"11":{"name":"useSaveJob","decl":{"start":{"line":112,"column":16},"end":{"line":112,"column":26}},"loc":{"start":{"line":112,"column":32},"end":{"line":125,"column":1}},"line":112},"12":{"name":"(anonymous_12)","decl":{"start":{"line":115,"column":15},"end":{"line":115,"column":16}},"loc":{"start":{"line":115,"column":21},"end":{"line":122,"column":3}},"line":115}},"branchMap":{"0":{"loc":{"start":{"line":11,"column":4},"end":{"line":15,"column":5}},"type":"if","locations":[{"start":{"line":11,"column":4},"end":{"line":15,"column":5}},{"start":{"line":11,"column":4},"end":{"line":15,"column":5}}],"line":11},"1":{"loc":{"start":{"line":13,"column":8},"end":{"line":13,"column":76}},"type":"binary-expr","locations":[{"start":{"line":13,"column":8},"end":{"line":13,"column":70}},{"start":{"line":13,"column":74},"end":{"line":13,"column":76}}],"line":13},"2":{"loc":{"start":{"line":45,"column":4},"end":{"line":48,"column":5}},"type":"if","locations":[{"start":{"line":45,"column":4},"end":{"line":48,"column":5}},{"start":{"line":45,"column":4},"end":{"line":48,"column":5}}],"line":45},"3":{"loc":{"start":{"line":54,"column":25},"end":{"line":54,"column":57}},"type":"binary-expr","locations":[{"start":{"line":54,"column":25},"end":{"line":54,"column":51}},{"start":{"line":54,"column":55},"end":{"line":54,"column":57}}],"line":54},"4":{"loc":{"start":{"line":55,"column":25},"end":{"line":55,"column":57}},"type":"binary-expr","locations":[{"start":{"line":55,"column":25},"end":{"line":55,"column":51}},{"start":{"line":55,"column":55},"end":{"line":55,"column":57}}],"line":55},"5":{"loc":{"start":{"line":58,"column":4},"end":{"line":60,"column":5}},"type":"if","locations":[{"start":{"line":58,"column":4},"end":{"line":60,"column":5}},{"start":{"line":58,"column":4},"end":{"line":60,"column":5}}],"line":58},"6":{"loc":{"start":{"line":70,"column":12},"end":{"line":70,"column":53}},"type":"cond-expr","locations":[{"start":{"line":70,"column":42},"end":{"line":70,"column":46}},{"start":{"line":70,"column":49},"end":{"line":70,"column":53}}],"line":70},"7":{"loc":{"start":{"line":70,"column":12},"end":{"line":70,"column":39}},"type":"binary-expr","locations":[{"start":{"line":70,"column":12},"end":{"line":70,"column":24}},{"start":{"line":70,"column":28},"end":{"line":70,"column":39}}],"line":70},"8":{"loc":{"start":{"line":71,"column":15},"end":{"line":71,"column":35}},"type":"binary-expr","locations":[{"start":{"line":71,"column":15},"end":{"line":71,"column":22}},{"start":{"line":71,"column":26},"end":{"line":71,"column":35}}],"line":71},"9":{"loc":{"start":{"line":101,"column":6},"end":{"line":105,"column":7}},"type":"if","locations":[{"start":{"line":101,"column":6},"end":{"line":105,"column":7}},{"start":{"line":101,"column":6},"end":{"line":105,"column":7}}],"line":101}},"s":{"0":4,"1":4,"2":3,"3":1,"4":6,"5":4,"6":0,"7":0,"8":0,"9":0,"10":0,"11":0,"12":0,"13":0,"14":0,"15":0,"16":0,"17":0,"18":0,"19":0,"20":0,"21":0,"22":0,"23":0,"24":0,"25":0,"26":0,"27":0,"28":5,"29":5,"30":3,"31":3,"32":2,"33":1,"34":5,"35":0,"36":0,"37":0,"38":0,"39":0,"40":0},"f":{"0":4,"1":3,"2":6,"3":0,"4":0,"5":0,"6":0,"7":0,"8":5,"9":3,"10":3,"11":0,"12":0},"b":{"0":[1,2],"1":[1,0],"2":[0,0],"3":[0,0],"4":[0,0],"5":[0,0],"6":[0,0],"7":[0,0],"8":[0,0],"9":[2,1]},"_coverageSchema":"1a1c01bbd47fc00a2c39e90264f33305004495a9","hash":"bb5c4bc00f1b94be7ff435592dac55515dd4a7bc"}
}
