TN:
SF:fixtures\logic\companies\mocks.js
FNF:0
FNH:0
DA:4,1
DA:11,1
LF:2
LH:2
BRF:0
BRH:0
end_of_record
TN:
SF:fixtures\logic\data\responses.js
FNF:0
FNH:0
DA:1,2
DA:26,2
LF:2
LH:2
BRF:0
BRH:0
end_of_record
TN:
SF:fixtures\logic\jobs\mocks.js
FNF:0
FNH:0
DA:4,1
DA:11,1
LF:2
LH:2
BRF:0
BRH:0
end_of_record
TN:
SF:src\hooks\useLottie.js
FN:3,useLottie
FN:6,(anonymous_1)
FNF:2
FNH:2
FNDA:2,useLottie
FNDA:2,(anonymous_1)
DA:4,2
DA:6,2
DA:7,2
DA:10,2
LF:4
LH:4
BRF:0
BRH:0
end_of_record
TN:
SF:src\logic\companies\gql.js
FNF:0
FNH:0
DA:3,1
LF:1
LH:1
BRF:0
BRH:0
end_of_record
TN:
SF:src\logic\companies\index.js
FN:8,usePopularCompanies
FN:13,(anonymous_1)
FNF:2
FNH:2
FNDA:4,usePopularCompanies
FNDA:3,(anonymous_1)
DA:9,4
DA:13,4
DA:14,3
DA:15,1
DA:19,4
LF:5
LH:5
BRDA:14,0,0,1
BRDA:14,0,1,2
BRDA:15,1,0,1
BRDA:15,1,1,0
BRF:4
BRH:3
end_of_record
TN:
SF:src\logic\jobs\gql.js
FNF:0
FNH:0
DA:3,1
DA:24,1
DA:33,1
DA:44,1
LF:4
LH:4
BRF:0
BRH:0
end_of_record
TN:
SF:src\logic\jobs\index.js
FN:7,useLatestJobs
FN:10,(anonymous_1)
FN:13,(anonymous_2)
FN:21,useJobsSearch
FN:27,(anonymous_4)
FN:44,(anonymous_5)
FN:53,(anonymous_6)
FN:77,useJobDetail
FN:96,useApplyToJob
FN:99,(anonymous_9)
FN:100,(anonymous_10)
FN:112,useSaveJob
FN:115,(anonymous_12)
FNF:13
FNH:6
FNDA:4,useLatestJobs
FNDA:3,(anonymous_1)
FNDA:6,(anonymous_2)
FNDA:0,useJobsSearch
FNDA:0,(anonymous_4)
FNDA:0,(anonymous_5)
FNDA:0,(anonymous_6)
FNDA:0,useJobDetail
FNDA:5,useApplyToJob
FNDA:3,(anonymous_9)
FNDA:3,(anonymous_10)
FNDA:0,useSaveJob
FNDA:0,(anonymous_12)
DA:8,4
DA:10,4
DA:11,3
DA:12,1
DA:13,6
DA:18,4
DA:22,0
DA:23,0
DA:24,0
DA:25,0
DA:27,0
DA:28,0
DA:30,0
DA:44,0
DA:45,0
DA:46,0
DA:47,0
DA:50,0
DA:53,0
DA:54,0
DA:55,0
DA:56,0
DA:58,0
DA:59,0
DA:62,0
DA:65,0
DA:78,0
DA:87,0
DA:97,5
DA:99,5
DA:100,3
DA:101,3
DA:102,2
DA:104,1
DA:109,5
DA:113,0
DA:115,0
DA:116,0
DA:118,0
DA:120,0
DA:124,0
LF:41
LH:13
BRDA:11,0,0,1
BRDA:11,0,1,2
BRDA:13,1,0,1
BRDA:13,1,1,0
BRDA:45,2,0,0
BRDA:45,2,1,0
BRDA:54,3,0,0
BRDA:54,3,1,0
BRDA:55,4,0,0
BRDA:55,4,1,0
BRDA:58,5,0,0
BRDA:58,5,1,0
BRDA:70,6,0,0
BRDA:70,6,1,0
BRDA:70,7,0,0
BRDA:70,7,1,0
BRDA:71,8,0,0
BRDA:71,8,1,0
BRDA:101,9,0,2
BRDA:101,9,1,1
BRF:20
BRH:5
end_of_record
